
Error: listen EADDRINUSE
    at errnoException (net.js:884:11)
    at Server._listen2 (net.js:1022:14)
    at listen (net.js:1044:10)
    at net.js:1118:9
    at dns.js:72:18
    at process._tickCallback (node.js:415:13)
Error: Not running
    at Server.close (net.js:1047:11)
    at Object.append.start (C:\Node\nodesite\admin.js:52:17)
    at Object.append.restart (C:\Node\nodesite\admin.js:87:9)
    at Array.restart [as 0] (C:\Node\nodesite\admin.js:140:9)
    at Object.Watcher.change (C:\Node\nodesite\require\watcher.js:56:16)
    at FSWatcher.Watcher.createWatcher (C:\Node\nodesite\require\watcher.js:42:5)
    at FSWatcher.EventEmitter.emit (events.js:99:17)
    at FSEvent._handle.onchange (fs.js:826:12)
Error: Cannot find module '/home/damien/nodesite/require/watcher.js'
    at Function.Module._resolveFilename (module.js:338:15)
    at Function.Module._load (module.js:280:25)
    at Module.require (module.js:364:17)
    at require (module.js:380:17)
    at Object.<anonymous> (/home/damien/nodesite/admin.js:21:12)
    at Module._compile (module.js:456:26)
    at Object.Module._extensions..js (module.js:474:10)
    at Module.load (module.js:356:32)
    at Function.Module._load (module.js:312:12)
    at Function.Module.runMain (module.js:497:10)